  PETools.cpp
C:\PEtool\loadPE\PETools.cpp(65,26): warning C4114: 多次使用同一类型限定符
C:\PEtool\loadPE\PETools.cpp(70,26): warning C4114: 多次使用同一类型限定符
C:\PEtool\loadPE\PETools.cpp(83,30): warning C4114: 多次使用同一类型限定符
C:\PEtool\loadPE\PETools.cpp(85,31): warning C4114: 多次使用同一类型限定符
C:\PEtool\loadPE\PETools.cpp(98,31): warning C4114: 多次使用同一类型限定符
C:\PEtool\loadPE\PETools.cpp(134,26): warning C4114: 多次使用同一类型限定符
C:\PEtool\loadPE\PETools.cpp(156,30): warning C4114: 多次使用同一类型限定符
C:\PEtool\loadPE\PETools.cpp(169,26): warning C4114: 多次使用同一类型限定符
C:\PEtool\loadPE\PETools.cpp(174,26): warning C4114: 多次使用同一类型限定符
C:\PEtool\loadPE\PETools.cpp(179,33): warning C4114: 多次使用同一类型限定符
C:\PEtool\loadPE\PETools.cpp(187,30): warning C4114: 多次使用同一类型限定符
C:\PEtool\loadPE\PETools.cpp(189,31): warning C4114: 多次使用同一类型限定符
C:\PEtool\loadPE\PETools.cpp(202,31): warning C4114: 多次使用同一类型限定符
  loadPE.cpp
  正在生成代码
  20 of 1049 functions ( 1.9%) were compiled, the rest were copied from previous compilation.
    0 functions were new in current compilation
    11 functions had inline decision re-evaluated but remain unchanged
  已完成代码的生成
  loadPE.vcxproj -> C:\PEtool\loadPE\Release\loadPE.exe
