c:\petool\loadpe\loadpe\release\vc143.pdb
c:\petool\loadpe\loadpe\release\loadpe.obj
c:\petool\loadpe\loadpe\release\petools.obj
c:\reverse\win32\loadpe\release\loadpe.exe
c:\reverse\win32\loadpe\release\loadpe.pdb
c:\petool\loadpe\release\loadpe.exe
c:\petool\loadpe\release\loadpe.pdb
c:\reverse\win32\loadpe\loadpe\release\resource.res
c:\petool\loadpe\loadpe\release\resource.res
c:\petool\loadpe\loadpe\release\loadpe.ipdb
c:\petool\loadpe\loadpe\release\loadpe.iobj
c:\petool\loadpe\loadpe\release\loadpe.tlog\cl.command.1.tlog
c:\petool\loadpe\loadpe\release\loadpe.tlog\cl.items.tlog
c:\petool\loadpe\loadpe\release\loadpe.tlog\cl.read.1.tlog
c:\petool\loadpe\loadpe\release\loadpe.tlog\cl.write.1.tlog
c:\petool\loadpe\loadpe\release\loadpe.tlog\link.command.1.tlog
c:\petool\loadpe\loadpe\release\loadpe.tlog\link.read.1.tlog
c:\petool\loadpe\loadpe\release\loadpe.tlog\link.secondary.1.tlog
c:\petool\loadpe\loadpe\release\loadpe.tlog\link.write.1.tlog
c:\petool\loadpe\loadpe\release\loadpe.tlog\rc.command.1.tlog
c:\petool\loadpe\loadpe\release\loadpe.tlog\rc.read.1.tlog
c:\petool\loadpe\loadpe\release\loadpe.tlog\rc.write.1.tlog
